{"level":"info","message":"Connected to mongodb at mongodb://localhost:27017/tournamentengine","service":"TOURNAMENT ENGINE","timestamp":"2020-11-18 21:33:36"}
{"level":"info","message":"Connected to mongodb at mongodb://localhost:27017/tournamentengine","service":"TOURNAMENT ENGINE","timestamp":"2020-11-18 21:42:01"}
{"level":"info","message":"Connected to mongodb at mongodb://localhost:27017/tournamentengine","service":"TOURNAMENT ENGINE","timestamp":"2020-11-18 21:50:59"}
{"level":"info","message":"Connected to mongodb at mongodb://localhost:27017/tournamentengine","service":"TOURNAMENT ENGINE","timestamp":"2020-11-20 16:23:29"}
{"level":"info","message":"Connected to mongodb at mongodb://localhost:27017/tournamentengine","service":"TOURNAMENT ENGINE","timestamp":"2020-11-20 16:52:17"}
{"level":"info","message":"Connected to mongodb at mongodb://localhost:27017/tournamentengine","service":"TOURNAMENT ENGINE","timestamp":"2020-11-20 16:53:39"}
{"level":"info","message":"Connected to mongodb at mongodb://localhost:27017/tournamentengine","service":"TOURNAMENT ENGINE","timestamp":"2020-11-20 16:53:50"}
{"level":"error","message":"Cast to string failed for value \"{ 'aibak.butt113@gmail.com': '' }\" at path \"email\" for model \"User\"","additional":"properties","are":"passed along","service":"TOURNAMENT ENGINE","timestamp":"2020-11-20 16:53:52"}
{"level":"info","message":"Connected to mongodb at mongodb://localhost:27017/tournamentengine","service":"TOURNAMENT ENGINE","timestamp":"2020-11-20 16:54:49"}
{"level":"error","message":"email is not defined","additional":"properties","are":"passed along","service":"TOURNAMENT ENGINE","timestamp":"2020-11-20 16:54:53"}
{"level":"info","message":"Connected to mongodb at mongodb://localhost:27017/tournamentengine","service":"TOURNAMENT ENGINE","timestamp":"2020-11-20 16:55:27"}
{"level":"info","message":"Connected to mongodb at mongodb://localhost:27017/tournamentengine","service":"TOURNAMENT ENGINE","timestamp":"2020-11-20 17:03:31"}
{"level":"info","message":"Connected to mongodb at mongodb://localhost:27017/tournamentengine","service":"TOURNAMENT ENGINE","timestamp":"2020-11-20 17:05:17"}
{"level":"info","message":"Connected to mongodb at mongodb://localhost:27017/tournamentengine","service":"TOURNAMENT ENGINE","timestamp":"2020-11-20 17:07:38"}
{"level":"info","message":"Connected to mongodb at mongodb://localhost:27017/tournamentengine","service":"TOURNAMENT ENGINE","timestamp":"2020-11-20 17:14:29"}
{"level":"info","message":"Connected to mongodb at mongodb://localhost:27017/tournamentengine","service":"TOURNAMENT ENGINE","timestamp":"2020-11-20 18:06:48"}
{"level":"info","message":"Connected to mongodb at mongodb://localhost:27017/tournamentengine","service":"TOURNAMENT ENGINE","timestamp":"2020-11-20 18:08:13"}
{"level":"info","message":"Connected to mongodb at mongodb://localhost:27017/tournamentengine","service":"TOURNAMENT ENGINE","timestamp":"2020-11-20 18:09:37"}
{"level":"info","message":"Connected to mongodb at mongodb://localhost:27017/tournamentengine","service":"TOURNAMENT ENGINE","timestamp":"2020-11-20 18:10:35"}
{"level":"info","message":"Connected to mongodb at mongodb://localhost:27017/tournamentengine","service":"TOURNAMENT ENGINE","timestamp":"2020-11-20 18:11:32"}
{"level":"info","message":"Connected to mongodb at mongodb://localhost:27017/tournamentengine","service":"TOURNAMENT ENGINE","timestamp":"2020-11-20 18:11:36"}
{"level":"info","message":"Connected to mongodb at mongodb://localhost:27017/tournamentengine","service":"TOURNAMENT ENGINE","timestamp":"2020-11-20 18:13:22"}
{"level":"info","message":"Connected to mongodb at mongodb://localhost:27017/tournamentengine","service":"TOURNAMENT ENGINE","timestamp":"2020-11-20 18:22:36"}
{"level":"info","message":"Connected to mongodb at mongodb://localhost:27017/tournamentengine","service":"TOURNAMENT ENGINE","timestamp":"2020-11-20 18:24:45"}
{"level":"info","message":"Connected to mongodb at mongodb://localhost:27017/tournamentengine","service":"TOURNAMENT ENGINE","timestamp":"2020-11-20 18:26:07"}
{"level":"info","message":"Connected to mongodb at mongodb://localhost:27017/tournamentengine","service":"TOURNAMENT ENGINE","timestamp":"2020-11-20 18:29:31"}
{"level":"info","message":"Connected to mongodb at mongodb://localhost:27017/tournamentengine","service":"TOURNAMENT ENGINE","timestamp":"2020-11-20 18:30:19"}
{"level":"info","message":"Connected to mongodb at mongodb://localhost:27017/tournamentengine","service":"TOURNAMENT ENGINE","timestamp":"2020-11-20 18:30:53"}
{"level":"info","message":"Connected to mongodb at mongodb://localhost:27017/tournamentengine","service":"TOURNAMENT ENGINE","timestamp":"2020-11-21 00:25:50"}
{"level":"info","message":"Connected to mongodb at mongodb://localhost:27017/tournamentengine","service":"TOURNAMENT ENGINE","timestamp":"2020-11-21 22:04:39"}
{"level":"info","message":"Connected to mongodb at mongodb://localhost:27017/tournamentengine","service":"TOURNAMENT ENGINE","timestamp":"2020-11-21 22:06:38"}
{"level":"info","message":"Connected to mongodb at mongodb://localhost:27017/tournamentengine","service":"TOURNAMENT ENGINE","timestamp":"2020-11-21 22:26:07"}
{"level":"info","message":"Connected to mongodb at mongodb://localhost:27017/tournamentengine","service":"TOURNAMENT ENGINE","timestamp":"2020-11-21 22:52:29"}
{"level":"info","message":"Connected to mongodb at mongodb://localhost:27017/tournamentengine","service":"TOURNAMENT ENGINE","timestamp":"2020-11-21 22:58:20"}
{"level":"info","message":"Connected to mongodb at mongodb://localhost:27017/tournamentengine","service":"TOURNAMENT ENGINE","timestamp":"2020-11-21 22:58:44"}
{"level":"info","message":"Connected to mongodb at mongodb://localhost:27017/tournamentengine","service":"TOURNAMENT ENGINE","timestamp":"2020-11-21 23:01:52"}
{"level":"info","message":"Connected to mongodb at mongodb://localhost:27017/tournamentengine","service":"TOURNAMENT ENGINE","timestamp":"2020-11-21 23:03:15"}
{"level":"info","message":"Connected to mongodb at mongodb://localhost:27017/tournamentengine","service":"TOURNAMENT ENGINE","timestamp":"2020-11-21 23:07:10"}
{"level":"info","message":"Connected to mongodb at mongodb://localhost:27017/tournamentengine","service":"TOURNAMENT ENGINE","timestamp":"2020-11-21 23:07:34"}
{"level":"info","message":"Connected to mongodb at mongodb://localhost:27017/tournamentengine","service":"TOURNAMENT ENGINE","timestamp":"2020-11-22 00:15:47"}
{"level":"info","message":"Connected to mongodb at mongodb://localhost:27017/tournamentengine","service":"TOURNAMENT ENGINE","timestamp":"2020-11-23 23:55:48"}
{"level":"info","message":"Connected to mongodb at mongodb://localhost:27017/tournamentengine","service":"TOURNAMENT ENGINE","timestamp":"2020-11-24 21:19:13"}
{"level":"info","message":"Connected to mongodb at mongodb://localhost:27017/tournamentengine","service":"TOURNAMENT ENGINE","timestamp":"2020-11-25 00:06:09"}
{"level":"info","message":"Connected to mongodb at mongodb://localhost:27017/tournamentengine","service":"TOURNAMENT ENGINE","timestamp":"2020-11-25 00:07:09"}
{"level":"info","message":"Connected to mongodb at mongodb://localhost:27017/tournamentengine","service":"TOURNAMENT ENGINE","timestamp":"2020-11-25 00:07:53"}
{"level":"info","message":"Connected to mongodb at mongodb://localhost:27017/tournamentengine","service":"TOURNAMENT ENGINE","timestamp":"2020-11-25 00:08:49"}
{"level":"info","message":"Connected to mongodb at mongodb://localhost:27017/tournamentengine","service":"TOURNAMENT ENGINE","timestamp":"2020-11-25 00:08:59"}
{"level":"info","message":"Connected to mongodb at mongodb://localhost:27017/tournamentengine","service":"TOURNAMENT ENGINE","timestamp":"2020-11-25 00:09:20"}
{"level":"info","message":"Connected to mongodb at mongodb://localhost:27017/tournamentengine","service":"TOURNAMENT ENGINE","timestamp":"2021-01-04 13:46:18"}
{"level":"info","message":"Connected to mongodb at mongodb://localhost:27017/tournamentengine","service":"TOURNAMENT ENGINE","timestamp":"2021-01-04 13:48:24"}
{"level":"info","message":"Connected to mongodb at mongodb://localhost:27017/tournamentengine","service":"TOURNAMENT ENGINE","timestamp":"2021-01-04 13:48:37"}
{"level":"info","message":"Connected to mongodb at mongodb://localhost:27017/tournamentengine","service":"TOURNAMENT ENGINE","timestamp":"2021-01-04 13:49:46"}
{"level":"info","message":"Connected to mongodb at mongodb://localhost:27017/tournamentengine","service":"TOURNAMENT ENGINE","timestamp":"2021-01-04 13:49:51"}
{"level":"info","message":"Connected to mongodb at mongodb://localhost:27017/tournamentengine","service":"TOURNAMENT ENGINE","timestamp":"2021-01-04 13:49:53"}
{"level":"info","message":"Connected to mongodb at mongodb://localhost:27017/tournamentengine","service":"TOURNAMENT ENGINE","timestamp":"2021-01-04 13:50:08"}
{"level":"info","message":"Connected to mongodb at mongodb://localhost:27017/tournamentengine","service":"TOURNAMENT ENGINE","timestamp":"2021-01-04 13:50:36"}
{"level":"info","message":"Connected to mongodb at mongodb://localhost:27017/tournamentengine","service":"TOURNAMENT ENGINE","timestamp":"2021-01-04 13:50:43"}
{"level":"info","message":"Connected to mongodb at mongodb://localhost:27017/tournamentengine","service":"TOURNAMENT ENGINE","timestamp":"2021-01-04 13:50:54"}
{"level":"info","message":"Connected to mongodb at mongodb://localhost:27017/tournamentengine","service":"TOURNAMENT ENGINE","timestamp":"2021-01-04 13:55:33"}
{"level":"info","message":"Connected to mongodb at mongodb://localhost:27017/","service":"TOURNAMENT ENGINE","timestamp":"2021-01-04 13:57:20"}
{"level":"info","message":"Connected to mongodb at mongodb://localhost:27017/Tou","service":"TOURNAMENT ENGINE","timestamp":"2021-01-04 13:57:26"}
{"level":"info","message":"Connected to mongodb at mongodb://localhost:27017/","service":"TOURNAMENT ENGINE","timestamp":"2021-01-04 13:57:29"}
{"level":"info","message":"Connected to mongodb at mongodb://localhost:27017/Fto","service":"TOURNAMENT ENGINE","timestamp":"2021-01-04 14:01:05"}
{"level":"info","message":"Connected to mongodb at mongodb://localhost:27017/Ftournamentengine","service":"TOURNAMENT ENGINE","timestamp":"2021-01-04 14:01:11"}
{"level":"info","message":"Connected to mongodb at mongodb://localhost:27017/Ftournamentengine","service":"TOURNAMENT ENGINE","timestamp":"2021-01-04 14:01:16"}
{"level":"info","message":"Connected to mongodb at mongodb://localhost:27017/Ftournamentengine","service":"TOURNAMENT ENGINE","timestamp":"2021-01-04 14:50:42"}
{"level":"info","message":"Connected to mongodb at mongodb://localhost:27017/Ftournamentengine","service":"TOURNAMENT ENGINE","timestamp":"2021-01-04 15:09:11"}
{"level":"info","message":"Connected to mongodb at mongodb://localhost:27017/Ftournamentengine","service":"TOURNAMENT ENGINE","timestamp":"2021-01-04 15:18:45"}
{"level":"info","message":"Connected to mongodb at mongodb://localhost:27017/Ftournamentengine","service":"TOURNAMENT ENGINE","timestamp":"2021-01-04 15:18:57"}
{"level":"info","message":"Connected to mongodb at mongodb://localhost:27017/Ftournamentengine","service":"TOURNAMENT ENGINE","timestamp":"2021-01-04 15:19:05"}
{"level":"info","message":"Connected to mongodb at mongodb://localhost:27017/Ftournamentengine","service":"TOURNAMENT ENGINE","timestamp":"2021-01-04 15:19:11"}
{"level":"info","message":"Connected to mongodb at mongodb://localhost:27017/Ftournamentengine","service":"TOURNAMENT ENGINE","timestamp":"2021-01-04 15:19:18"}
{"level":"info","message":"Connected to mongodb at mongodb://localhost:27017/Ftournamentengine","service":"TOURNAMENT ENGINE","timestamp":"2021-01-04 15:24:05"}
{"level":"info","message":"Connected to mongodb at mongodb://localhost:27017/Ftournamentengine","service":"TOURNAMENT ENGINE","timestamp":"2021-01-04 15:44:40"}
{"level":"info","message":"Connected to mongodb at mongodb://localhost:27017/Ftournamentengine","service":"TOURNAMENT ENGINE","timestamp":"2021-01-04 15:45:04"}
{"level":"info","message":"Connected to mongodb at mongodb://localhost:27017/Ftournamentengine","service":"TOURNAMENT ENGINE","timestamp":"2021-01-04 15:46:06"}
{"level":"info","message":"Connected to mongodb at mongodb://localhost:27017/Ftournamentengine","service":"TOURNAMENT ENGINE","timestamp":"2021-01-04 15:46:28"}
{"level":"info","message":"Connected to mongodb at mongodb://localhost:27017/Ftournamentengine","service":"TOURNAMENT ENGINE","timestamp":"2021-01-04 15:47:08"}
{"level":"info","message":"Connected to mongodb at mongodb://localhost:27017/Ftournamentengine","service":"TOURNAMENT ENGINE","timestamp":"2021-01-04 15:50:52"}
{"level":"info","message":"Connected to mongodb at mongodb://localhost:27017/Ftournamentengine","service":"TOURNAMENT ENGINE","timestamp":"2021-01-04 15:52:35"}
{"level":"info","message":"Connected to mongodb at mongodb://localhost:27017/Ftournamentengine","service":"TOURNAMENT ENGINE","timestamp":"2021-01-04 15:52:40"}
{"level":"info","message":"Connected to mongodb at mongodb://localhost:27017/Ftournamentengine","service":"TOURNAMENT ENGINE","timestamp":"2021-01-04 15:52:42"}
{"level":"error","message":"sendEmail is not a function","additional":"properties","are":"passed along","service":"TOURNAMENT ENGINE","timestamp":"2021-01-04 15:53:04"}
{"level":"info","message":"Connected to mongodb at mongodb://localhost:27017/Ftournamentengine","service":"TOURNAMENT ENGINE","timestamp":"2021-01-04 15:57:07"}
{"level":"info","message":"Connected to mongodb at mongodb://localhost:27017/Ftournamentengine","service":"TOURNAMENT ENGINE","timestamp":"2021-01-04 16:00:17"}
{"level":"info","message":"Connected to mongodb at mongodb://localhost:27017/Ftournamentengine","service":"TOURNAMENT ENGINE","timestamp":"2021-01-04 16:10:36"}
{"level":"info","message":"Connected to mongodb at mongodb://localhost:27017/Ftournamentengine","service":"TOURNAMENT ENGINE","timestamp":"2021-01-04 16:14:38"}
{"level":"info","message":"Connected to mongodb at mongodb://localhost:27017/Ftournamentengine","service":"TOURNAMENT ENGINE","timestamp":"2021-01-04 16:15:43"}
{"level":"info","message":"Connected to mongodb at mongodb://localhost:27017/Ftournamentengine","service":"TOURNAMENT ENGINE","timestamp":"2021-01-04 16:15:50"}
{"level":"info","message":"Connected to mongodb at mongodb://localhost:27017/Ftournamentengine","service":"TOURNAMENT ENGINE","timestamp":"2021-01-04 16:15:53"}
{"level":"info","message":"Connected to mongodb at mongodb://localhost:27017/Ftournamentengine","service":"TOURNAMENT ENGINE","timestamp":"2021-01-04 16:17:15"}
{"level":"info","message":"Connected to mongodb at mongodb://localhost:27017/Ftournamentengine","service":"TOURNAMENT ENGINE","timestamp":"2021-01-04 16:17:38"}
{"level":"info","message":"Connected to mongodb at mongodb://localhost:27017/Ftournamentengine","service":"TOURNAMENT ENGINE","timestamp":"2021-01-04 16:17:44"}
{"level":"info","message":"Connected to mongodb at mongodb://localhost:27017/Ftournamentengine","service":"TOURNAMENT ENGINE","timestamp":"2021-01-04 16:17:48"}
{"level":"info","message":"Connected to mongodb at mongodb://localhost:27017/Ftournamentengine","service":"TOURNAMENT ENGINE","timestamp":"2021-01-04 16:17:51"}
{"level":"info","message":"Connected to mongodb at mongodb://localhost:27017/Ftournamentengine","service":"TOURNAMENT ENGINE","timestamp":"2021-01-04 16:19:14"}
{"level":"info","message":"Connected to mongodb at mongodb://localhost:27017/Ftournamentengine","service":"TOURNAMENT ENGINE","timestamp":"2021-01-04 16:19:16"}
{"level":"info","message":"Connected to mongodb at mongodb://localhost:27017/Ftournamentengine","service":"TOURNAMENT ENGINE","timestamp":"2021-01-04 16:19:20"}
{"level":"info","message":"Connected to mongodb at mongodb://localhost:27017/Ftournamentengine","service":"TOURNAMENT ENGINE","timestamp":"2021-01-04 16:19:22"}
{"level":"info","message":"Connected to mongodb at mongodb://localhost:27017/Ftournamentengine","service":"TOURNAMENT ENGINE","timestamp":"2021-01-04 16:19:30"}
{"level":"info","message":"Connected to mongodb at mongodb://localhost:27017/Ftournamentengine","service":"TOURNAMENT ENGINE","timestamp":"2021-01-04 16:19:33"}
{"level":"info","message":"Connected to mongodb at mongodb://localhost:27017/Ftournamentengine","service":"TOURNAMENT ENGINE","timestamp":"2021-01-04 16:19:39"}
{"level":"info","message":"Connected to mongodb at mongodb://localhost:27017/Ftournamentengine","service":"TOURNAMENT ENGINE","timestamp":"2021-01-04 16:19:48"}
{"level":"info","message":"Connected to mongodb at mongodb://localhost:27017/Ftournamentengine","service":"TOURNAMENT ENGINE","timestamp":"2021-01-04 16:20:10"}
{"level":"info","message":"Connected to mongodb at mongodb://localhost:27017/Ftournamentengine","service":"TOURNAMENT ENGINE","timestamp":"2021-01-04 16:33:52"}
{"level":"info","message":"Connected to mongodb at mongodb://localhost:27017/Ftournamentengine","service":"TOURNAMENT ENGINE","timestamp":"2021-01-04 16:33:59"}
{"level":"info","message":"Connected to mongodb at mongodb://localhost:27017/Ftournamentengine","service":"TOURNAMENT ENGINE","timestamp":"2021-01-04 16:38:15"}
{"level":"info","message":"Connected to mongodb at mongodb://localhost:27017/Ftournamentengine","service":"TOURNAMENT ENGINE","timestamp":"2021-01-04 16:38:45"}
{"level":"info","message":"Connected to mongodb at mongodb://localhost:27017/Ftournamentengine","service":"TOURNAMENT ENGINE","timestamp":"2021-01-04 16:40:23"}
{"level":"info","message":"Connected to mongodb at mongodb://localhost:27017/Ftournamentengine","service":"TOURNAMENT ENGINE","timestamp":"2021-01-04 16:40:27"}
{"level":"info","message":"Connected to mongodb at mongodb://localhost:27017/Ftournamentengine","service":"TOURNAMENT ENGINE","timestamp":"2021-01-04 16:40:36"}
{"level":"info","message":"Connected to mongodb at mongodb://localhost:27017/Ftournamentengine","service":"TOURNAMENT ENGINE","timestamp":"2021-01-04 16:40:56"}
{"level":"info","message":"Connected to mongodb at mongodb://localhost:27017/Ftournamentengine","service":"TOURNAMENT ENGINE","timestamp":"2021-01-04 16:40:59"}
{"level":"info","message":"Connected to mongodb at mongodb://localhost:27017/Ftournamentengine","service":"TOURNAMENT ENGINE","timestamp":"2021-01-04 16:41:03"}
{"level":"info","message":"Connected to mongodb at mongodb://localhost:27017/Ftournamentengine","service":"TOURNAMENT ENGINE","timestamp":"2021-01-04 16:41:06"}
{"level":"info","message":"Connected to mongodb at mongodb://localhost:27017/Ftournamentengine","service":"TOURNAMENT ENGINE","timestamp":"2021-01-04 16:41:08"}
{"level":"info","message":"Connected to mongodb at mongodb://localhost:27017/Ftournamentengine","service":"TOURNAMENT ENGINE","timestamp":"2021-01-04 16:41:11"}
{"level":"info","message":"Connected to mongodb at mongodb://localhost:27017/Ftournamentengine","service":"TOURNAMENT ENGINE","timestamp":"2021-01-04 16:41:14"}
{"level":"info","message":"Connected to mongodb at mongodb://localhost:27017/Ftournamentengine","service":"TOURNAMENT ENGINE","timestamp":"2021-01-04 16:41:32"}
{"level":"info","message":"Connected to mongodb at mongodb://localhost:27017/Ftournamentengine","service":"TOURNAMENT ENGINE","timestamp":"2021-01-04 16:42:03"}
{"level":"info","message":"Connected to mongodb at mongodb://localhost:27017/Ftournamentengine","service":"TOURNAMENT ENGINE","timestamp":"2021-01-04 16:42:15"}
{"level":"info","message":"Connected to mongodb at mongodb://localhost:27017/Ftournamentengine","service":"TOURNAMENT ENGINE","timestamp":"2021-01-04 16:42:20"}
{"level":"info","message":"Connected to mongodb at mongodb://localhost:27017/Ftournamentengine","service":"TOURNAMENT ENGINE","timestamp":"2021-01-04 16:42:23"}
{"level":"info","message":"Connected to mongodb at mongodb://localhost:27017/Ftournamentengine","service":"TOURNAMENT ENGINE","timestamp":"2021-01-04 16:42:27"}
{"level":"info","message":"Connected to mongodb at mongodb://localhost:27017/Ftournamentengine","service":"TOURNAMENT ENGINE","timestamp":"2021-01-04 16:42:32"}
{"level":"info","message":"Connected to mongodb at mongodb://localhost:27017/Ftournamentengine","service":"TOURNAMENT ENGINE","timestamp":"2021-01-04 16:42:35"}
{"level":"info","message":"Connected to mongodb at mongodb://localhost:27017/Ftournamentengine","service":"TOURNAMENT ENGINE","timestamp":"2021-01-04 16:42:42"}
{"level":"info","message":"Connected to mongodb at mongodb://localhost:27017/Ftournamentengine","service":"TOURNAMENT ENGINE","timestamp":"2021-01-04 16:42:44"}
{"level":"info","message":"Connected to mongodb at mongodb://localhost:27017/Ftournamentengine","service":"TOURNAMENT ENGINE","timestamp":"2021-01-04 16:43:09"}
{"level":"info","message":"Connected to mongodb at mongodb://localhost:27017/Ftournamentengine","service":"TOURNAMENT ENGINE","timestamp":"2021-01-04 16:43:44"}
{"level":"info","message":"Connected to mongodb at mongodb://localhost:27017/Ftournamentengine","service":"TOURNAMENT ENGINE","timestamp":"2021-01-04 16:44:12"}
{"level":"info","message":"Connected to mongodb at mongodb://localhost:27017/Ftournamentengine","service":"TOURNAMENT ENGINE","timestamp":"2021-01-04 16:47:46"}
{"level":"info","message":"Connected to mongodb at mongodb://localhost:27017/Ftournamentengine","service":"TOURNAMENT ENGINE","timestamp":"2021-01-04 16:52:55"}
{"level":"info","message":"Connected to mongodb at mongodb://localhost:27017/Ftournamentengine","service":"TOURNAMENT ENGINE","timestamp":"2021-01-04 16:54:19"}
{"level":"info","message":"Connected to mongodb at mongodb://localhost:27017/Ftournamentengine","service":"TOURNAMENT ENGINE","timestamp":"2021-01-04 16:57:29"}
{"level":"info","message":"Connected to mongodb at mongodb://localhost:27017/Ftournamentengine","service":"TOURNAMENT ENGINE","timestamp":"2021-01-04 17:00:40"}
{"level":"info","message":"Connected to mongodb at mongodb://localhost:27017/Ftournamentengine","service":"TOURNAMENT ENGINE","timestamp":"2021-01-04 17:00:48"}
{"level":"info","message":"Connected to mongodb at mongodb://localhost:27017/Ftournamentengine","service":"TOURNAMENT ENGINE","timestamp":"2021-01-04 17:00:54"}
{"level":"info","message":"Connected to mongodb at mongodb://localhost:27017/Ftournamentengine","service":"TOURNAMENT ENGINE","timestamp":"2021-01-04 17:01:05"}
{"level":"info","message":"Connected to mongodb at mongodb://localhost:27017/Ftournamentengine","service":"TOURNAMENT ENGINE","timestamp":"2021-01-04 17:01:08"}
{"level":"info","message":"Connected to mongodb at mongodb://localhost:27017/Ftournamentengine","service":"TOURNAMENT ENGINE","timestamp":"2021-01-04 17:01:14"}
{"level":"info","message":"Connected to mongodb at mongodb://localhost:27017/Ftournamentengine","service":"TOURNAMENT ENGINE","timestamp":"2021-01-04 17:01:17"}
{"level":"info","message":"Connected to mongodb at mongodb://localhost:27017/Ftournamentengine","service":"TOURNAMENT ENGINE","timestamp":"2021-01-04 17:01:30"}
{"level":"info","message":"Connected to mongodb at mongodb://localhost:27017/Ftournamentengine","service":"TOURNAMENT ENGINE","timestamp":"2021-01-04 17:01:39"}
{"level":"info","message":"Connected to mongodb at mongodb://localhost:27017/Ftournamentengine","service":"TOURNAMENT ENGINE","timestamp":"2021-01-04 17:01:45"}
{"level":"info","message":"Connected to mongodb at mongodb://localhost:27017/Ftournamentengine","service":"TOURNAMENT ENGINE","timestamp":"2021-01-04 17:01:55"}
{"level":"info","message":"Connected to mongodb at mongodb://localhost:27017/Ftournamentengine","service":"TOURNAMENT ENGINE","timestamp":"2021-01-04 17:05:33"}
{"level":"info","message":"Connected to mongodb at mongodb://localhost:27017/Ftournamentengine","service":"TOURNAMENT ENGINE","timestamp":"2021-01-04 17:05:36"}
{"level":"info","message":"Connected to mongodb at mongodb://localhost:27017/Ftournamentengine","service":"TOURNAMENT ENGINE","timestamp":"2021-01-04 17:58:40"}
{"level":"info","message":"Connected to mongodb at mongodb://localhost:27017/Ftournamentengine","service":"TOURNAMENT ENGINE","timestamp":"2021-01-04 17:58:47"}
{"level":"info","message":"Connected to mongodb at mongodb://localhost:27017/Ftournamentengine","service":"TOURNAMENT ENGINE","timestamp":"2021-01-04 17:59:22"}
{"level":"info","message":"Connected to mongodb at mongodb://localhost:27017/Ftournamentengine","service":"TOURNAMENT ENGINE","timestamp":"2021-01-04 18:01:00"}
{"level":"info","message":"Connected to mongodb at mongodb://localhost:27017/Ftournamentengine","service":"TOURNAMENT ENGINE","timestamp":"2021-01-04 18:06:58"}
{"level":"info","message":"Connected to mongodb at mongodb://localhost:27017/Ftournamentengine","service":"TOURNAMENT ENGINE","timestamp":"2021-01-04 18:37:22"}
{"level":"info","message":"Connected to mongodb at mongodb://localhost:27017/Ftournamentengine","service":"TOURNAMENT ENGINE","timestamp":"2021-01-04 18:46:10"}
{"level":"info","message":"Connected to mongodb at mongodb://localhost:27017/Ftournamentengine","service":"TOURNAMENT ENGINE","timestamp":"2021-01-04 18:46:17"}
{"level":"error","message":"Tournament validation failed: startDate: Path `startDate` is required., endDate: Path `endDate` is required.","additional":"properties","are":"passed along","service":"TOURNAMENT ENGINE","timestamp":"2021-01-04 19:10:25"}
{"level":"info","message":"Connected to mongodb at mongodb://localhost:27017/Ftournamentengine","service":"TOURNAMENT ENGINE","timestamp":"2021-01-04 19:29:53"}
{"level":"info","message":"Connected to mongodb at mongodb://localhost:27017/Ftournamentengine","service":"TOURNAMENT ENGINE","timestamp":"2021-01-04 19:29:59"}
{"level":"info","message":"Connected to mongodb at mongodb://localhost:27017/Ftournamentengine","service":"TOURNAMENT ENGINE","timestamp":"2021-01-04 19:34:03"}
{"level":"info","message":"Connected to mongodb at mongodb://localhost:27017/Ftournamentengine","service":"TOURNAMENT ENGINE","timestamp":"2021-01-11 20:54:47"}
{"level":"info","message":"Connected to mongodb at mongodb://localhost:27017/Ftournamentengine","service":"TOURNAMENT ENGINE","timestamp":"2021-01-11 22:25:43"}
{"level":"info","message":"Connected to mongodb at mongodb://localhost:27017/Ftournamentengine","service":"TOURNAMENT ENGINE","timestamp":"2021-01-12 17:28:13"}
{"level":"info","message":"Connected to mongodb at mongodb://localhost:27017/Ftournamentengine","service":"TOURNAMENT ENGINE","timestamp":"2021-01-15 20:45:11"}
{"level":"info","message":"Connected to mongodb at mongodb://localhost:27017/Ftournamentengine","service":"TOURNAMENT ENGINE","timestamp":"2021-01-15 22:02:56"}
{"level":"info","message":"Connected to mongodb at mongodb://localhost:27017/Ftournamentengine","service":"TOURNAMENT ENGINE","timestamp":"2021-01-15 22:35:25"}
{"level":"info","message":"Connected to mongodb at mongodb://localhost:27017/Ftournamentengine","service":"TOURNAMENT ENGINE","timestamp":"2021-01-16 17:54:18"}
{"level":"info","message":"Connected to mongodb at mongodb://localhost:27017/Ftournamentengine","service":"TOURNAMENT ENGINE","timestamp":"2021-01-16 19:06:19"}
{"level":"info","message":"Connected to mongodb at mongodb://localhost:27017/Ftournamentengine","service":"TOURNAMENT ENGINE","timestamp":"2021-01-16 19:44:59"}
{"level":"info","message":"Connected to mongodb at mongodb://localhost:27017/Ftournamentengine","service":"TOURNAMENT ENGINE","timestamp":"2021-01-16 20:01:11"}
{"level":"info","message":"Connected to mongodb at mongodb://localhost:27017/Ftournamentengine","service":"TOURNAMENT ENGINE","timestamp":"2021-01-17 00:05:31"}
{"level":"error","message":"If is not defined","additional":"properties","are":"passed along","service":"TOURNAMENT ENGINE","timestamp":"2021-01-17 00:20:43"}
{"level":"error","message":"If is not defined","additional":"properties","are":"passed along","service":"TOURNAMENT ENGINE","timestamp":"2021-01-17 00:20:50"}
{"level":"info","message":"Connected to mongodb at mongodb://localhost:27017/Ftournamentengine","service":"TOURNAMENT ENGINE","timestamp":"2021-01-17 00:22:10"}
{"level":"info","message":"Connected to mongodb at mongodb://localhost:27017/Ftournamentengine","service":"TOURNAMENT ENGINE","timestamp":"2021-01-17 01:13:08"}
{"level":"info","message":"Connected to mongodb at mongodb://localhost:27017/Ftournamentengine","service":"TOURNAMENT ENGINE","timestamp":"2021-01-17 01:54:34"}
{"level":"info","message":"Connected to mongodb at mongodb://localhost:27017/Ftournamentengine","service":"TOURNAMENT ENGINE","timestamp":"2021-01-17 02:05:10"}
{"level":"info","message":"Connected to mongodb at mongodb://localhost:27017/Ftournamentengine","service":"TOURNAMENT ENGINE","timestamp":"2021-01-17 02:13:01"}
{"level":"info","message":"Connected to mongodb at mongodb://localhost:27017/Ftournamentengine","service":"TOURNAMENT ENGINE","timestamp":"2021-01-17 02:18:46"}
{"level":"info","message":"Connected to mongodb at mongodb://localhost:27017/Ftournamentengine","service":"TOURNAMENT ENGINE","timestamp":"2021-01-17 02:30:52"}
{"level":"error","message":"User validation failed: status: Path `status` is required.","additional":"properties","are":"passed along","service":"TOURNAMENT ENGINE","timestamp":"2021-01-17 02:34:30"}
{"level":"error","message":"User validation failed: status: Path `status` is required.","additional":"properties","are":"passed along","service":"TOURNAMENT ENGINE","timestamp":"2021-01-17 02:34:40"}
{"level":"info","message":"Connected to mongodb at mongodb://localhost:27017/Ftournamentengine","service":"TOURNAMENT ENGINE","timestamp":"2021-01-17 02:35:59"}
{"level":"info","message":"Connected to mongodb at mongodb://localhost:27017/Ftournamentengine","service":"TOURNAMENT ENGINE","timestamp":"2021-01-17 02:36:41"}
{"level":"info","message":"Connected to mongodb at mongodb://localhost:27017/Ftournamentengine","service":"TOURNAMENT ENGINE","timestamp":"2021-01-17 02:43:04"}
{"level":"info","message":"Connected to mongodb at mongodb://localhost:27017/Ftournamentengine","service":"TOURNAMENT ENGINE","timestamp":"2021-01-17 15:52:44"}
{"level":"info","message":"Connected to mongodb at mongodb://localhost:27017/Ftournamentengine","service":"TOURNAMENT ENGINE","timestamp":"2021-01-17 16:00:32"}
{"level":"info","message":"Connected to mongodb at mongodb://localhost:27017/Ftournamentengine","service":"TOURNAMENT ENGINE","timestamp":"2021-01-17 16:23:43"}
{"level":"info","message":"Connected to mongodb at mongodb://localhost:27017/Ftournamentengine","service":"TOURNAMENT ENGINE","timestamp":"2021-01-17 17:08:54"}
{"level":"info","message":"Connected to mongodb at mongodb://localhost:27017/Ftournamentengine","service":"TOURNAMENT ENGINE","timestamp":"2021-01-17 17:12:46"}
{"level":"error","message":"Cannot read property 'name' of null","additional":"properties","are":"passed along","service":"TOURNAMENT ENGINE","timestamp":"2021-01-17 17:13:31"}
{"level":"info","message":"Connected to mongodb at mongodb://localhost:27017/Ftournamentengine","service":"TOURNAMENT ENGINE","timestamp":"2021-01-17 17:14:23"}
{"level":"error","message":"Cannot read property 'name' of null","additional":"properties","are":"passed along","service":"TOURNAMENT ENGINE","timestamp":"2021-01-17 17:14:32"}
{"level":"info","message":"Connected to mongodb at mongodb://localhost:27017/Ftournamentengine","service":"TOURNAMENT ENGINE","timestamp":"2021-01-17 17:21:18"}
{"level":"info","message":"Connected to mongodb at mongodb://localhost:27017/Ftournamentengine","service":"TOURNAMENT ENGINE","timestamp":"2021-01-17 17:27:07"}
{"level":"info","message":"Connected to mongodb at mongodb://localhost:27017/Ftournamentengine","service":"TOURNAMENT ENGINE","timestamp":"2021-01-17 17:35:50"}
{"level":"info","message":"Connected to mongodb at mongodb://localhost:27017/Ftournamentengine","service":"TOURNAMENT ENGINE","timestamp":"2021-01-17 17:38:21"}
{"level":"info","message":"Connected to mongodb at mongodb://localhost:27017/Ftournamentengine","service":"TOURNAMENT ENGINE","timestamp":"2021-01-17 17:38:35"}
{"level":"info","message":"Connected to mongodb at mongodb://localhost:27017/Ftournamentengine","service":"TOURNAMENT ENGINE","timestamp":"2021-01-17 17:51:25"}
{"level":"info","message":"Connected to mongodb at mongodb://localhost:27017/Ftournamentengine","service":"TOURNAMENT ENGINE","timestamp":"2021-01-17 17:54:08"}
{"level":"info","message":"Connected to mongodb at mongodb://localhost:27017/Ftournamentengine","service":"TOURNAMENT ENGINE","timestamp":"2021-01-19 14:25:18"}
{"level":"info","message":"Connected to mongodb at mongodb://localhost:27017/Ftournamentengine","service":"TOURNAMENT ENGINE","timestamp":"2021-01-19 15:17:56"}
{"level":"info","message":"Connected to mongodb at mongodb://localhost:27017/Ftournamentengine","service":"TOURNAMENT ENGINE","timestamp":"2021-01-19 15:55:08"}
{"level":"info","message":"Connected to mongodb at mongodb://localhost:27017/Ftournamentengine","service":"TOURNAMENT ENGINE","timestamp":"2021-01-19 16:28:31"}
{"level":"info","message":"Connected to mongodb at mongodb://localhost:27017/Ftournamentengine","service":"TOURNAMENT ENGINE","timestamp":"2021-01-19 16:28:50"}
{"level":"info","message":"Connected to mongodb at mongodb://localhost:27017/Ftournamentengine","service":"TOURNAMENT ENGINE","timestamp":"2021-01-19 16:29:16"}
{"level":"info","message":"Connected to mongodb at mongodb://localhost:27017/Ftournamentengine","service":"TOURNAMENT ENGINE","timestamp":"2021-01-19 16:30:08"}
{"level":"info","message":"Connected to mongodb at mongodb://localhost:27017/Ftournamentengine","service":"TOURNAMENT ENGINE","timestamp":"2021-01-19 16:31:09"}
{"level":"info","message":"Connected to mongodb at mongodb://localhost:27017/Ftournamentengine","service":"TOURNAMENT ENGINE","timestamp":"2021-01-19 16:32:15"}
{"level":"info","message":"Connected to mongodb at mongodb://localhost:27017/Ftournamentengine","service":"TOURNAMENT ENGINE","timestamp":"2021-01-19 16:33:20"}
{"level":"info","message":"Connected to mongodb at mongodb://localhost:27017/Ftournamentengine","service":"TOURNAMENT ENGINE","timestamp":"2021-01-19 16:34:32"}
{"level":"info","message":"Connected to mongodb at mongodb://localhost:27017/Ftournamentengine","service":"TOURNAMENT ENGINE","timestamp":"2021-01-19 16:35:12"}
{"level":"info","message":"Connected to mongodb at mongodb://localhost:27017/Ftournamentengine","service":"TOURNAMENT ENGINE","timestamp":"2021-01-19 16:35:53"}
{"level":"error","message":"read ECONNRESET","additional":"properties","are":"passed along","service":"TOURNAMENT ENGINE","timestamp":"2021-01-19 16:43:06"}
{"level":"error","message":"read ECONNRESET","additional":"properties","are":"passed along","service":"TOURNAMENT ENGINE","timestamp":"2021-01-19 16:43:08"}
{"level":"error","message":"read ECONNRESET","additional":"properties","are":"passed along","service":"TOURNAMENT ENGINE","timestamp":"2021-01-19 16:43:16"}
{"level":"error","message":"read ECONNRESET","additional":"properties","are":"passed along","service":"TOURNAMENT ENGINE","timestamp":"2021-01-19 16:43:21"}
{"level":"error","message":"read ECONNRESET","additional":"properties","are":"passed along","service":"TOURNAMENT ENGINE","timestamp":"2021-01-19 16:43:25"}
{"level":"info","message":"Connected to mongodb at mongodb://localhost:27017/Ftournamentengine","service":"TOURNAMENT ENGINE","timestamp":"2021-01-19 16:43:59"}
{"level":"info","message":"Connected to mongodb at mongodb://localhost:27017/Ftournamentengine","service":"TOURNAMENT ENGINE","timestamp":"2021-01-19 16:45:09"}
{"level":"info","message":"Connected to mongodb at mongodb://localhost:27017/Ftournamentengine","service":"TOURNAMENT ENGINE","timestamp":"2021-01-19 16:47:56"}
{"level":"info","message":"Connected to mongodb at mongodb://localhost:27017/Ftournamentengine","service":"TOURNAMENT ENGINE","timestamp":"2021-01-19 16:48:32"}
{"level":"info","message":"Connected to mongodb at mongodb://localhost:27017/Ftournamentengine","service":"TOURNAMENT ENGINE","timestamp":"2021-01-20 18:16:50"}
{"level":"info","message":"Connected to mongodb at mongodb://localhost:27017/Ftournamentengine","service":"TOURNAMENT ENGINE","timestamp":"2021-01-19 18:22:54"}
{"level":"info","message":"Connected to mongodb at mongodb://localhost:27017/Ftournamentengine","service":"TOURNAMENT ENGINE","timestamp":"2021-01-20 18:25:00"}
{"level":"info","message":"Connected to mongodb at mongodb://localhost:27017/Ftournamentengine","service":"TOURNAMENT ENGINE","timestamp":"2021-01-20 19:11:48"}
{"level":"info","message":"Connected to mongodb at mongodb://localhost:27017/Ftournamentengine","service":"TOURNAMENT ENGINE","timestamp":"2021-01-19 21:47:49"}
{"level":"info","message":"Connected to mongodb at mongodb://localhost:27017/Ftournamentengine","service":"TOURNAMENT ENGINE","timestamp":"2021-01-19 22:48:20"}
{"level":"info","message":"Connected to mongodb at mongodb://localhost:27017/Ftournamentengine","service":"TOURNAMENT ENGINE","timestamp":"2021-01-19 23:01:49"}
{"level":"info","message":"Connected to mongodb at mongodb://localhost:27017/Ftournamentengine","service":"TOURNAMENT ENGINE","timestamp":"2021-01-20 01:20:07"}
{"level":"info","message":"Connected to mongodb at mongodb://localhost:27017/Ftournamentengine","service":"TOURNAMENT ENGINE","timestamp":"2021-01-20 01:51:43"}
{"level":"info","message":"Connected to mongodb at mongodb://localhost:27017/Ftournamentengine","service":"TOURNAMENT ENGINE","timestamp":"2021-01-20 02:32:16"}
{"level":"info","message":"Connected to mongodb at mongodb://localhost:27017/Ftournamentengine","service":"TOURNAMENT ENGINE","timestamp":"2021-01-20 10:22:47"}
{"level":"info","message":"Connected to mongodb at mongodb://localhost:27017/Ftournamentengine","service":"TOURNAMENT ENGINE","timestamp":"2021-02-10 15:44:00"}
{"level":"info","message":"Connected to mongodb at mongodb+srv://Hamza:Hamza@1122@cluster0.n3rij.mongodb.net/<dbname>?retryWrites=true&w=majority","service":"TOURNAMENT ENGINE","timestamp":"2021-02-10 16:14:16"}
{"level":"info","message":"Connected to mongodb at mongodb+srv://Hamza:Hamza@1122@cluster0.n3rij.mongodb.net/<dbname>?retryWrites=true&w=majority","service":"TOURNAMENT ENGINE","timestamp":"2021-02-10 16:20:22"}
{"level":"error","message":"Tournament validation failed: isChecked: Cast to Boolean failed for value \"\" at path \"isChecked\", startDate: Path `startDate` is required., endDate: Path `endDate` is required.","additional":"properties","are":"passed along","service":"TOURNAMENT ENGINE","timestamp":"2021-02-10 16:26:30"}
{"level":"info","message":"Connected to mongodb at mongodb+srv://Hamza:Hamza@1122@cluster0.n3rij.mongodb.net/<dbname>?retryWrites=true&w=majority","service":"TOURNAMENT ENGINE","timestamp":"2021-02-10 16:32:35"}
{"level":"error","message":"Tournament validation failed: isChecked: Cast to Boolean failed for value \"\" at path \"isChecked\"","additional":"properties","are":"passed along","service":"TOURNAMENT ENGINE","timestamp":"2021-02-10 16:42:25"}
{"level":"info","message":"Connected to mongodb at mongodb+srv://Hamza:Hamza@1122@cluster0.n3rij.mongodb.net/<dbname>?retryWrites=true&w=majority","service":"TOURNAMENT ENGINE","timestamp":"2021-02-10 16:56:19"}
